<?xml version="1.0" encoding="UTF-8"?>
<!-- Generated by org.testng.reporters.JUnitReportReporter -->
<testsuite skipped="0" hostname="DESKTOP-1QP3V0R" name="testScripts.Module1" tests="1" failures="0" timestamp="21 Apr 2019 16:17:08 GMT" time="26.596" errors="0">
  <testcase name="TC101" time="26.596" classname="testScripts.Module1"/>
</testsuite> <!-- testScripts.Module1 -->
