<?xml version="1.0" encoding="UTF-8"?>
<!-- Generated by org.testng.reporters.JUnitReportReporter -->
<testsuite skipped="0" hostname="DESKTOP-1QP3V0R" name="testScripts.Module2" tests="1" failures="0" timestamp="21 Apr 2019 16:05:09 GMT" time="24.616" errors="0">
  <testcase name="TC201" time="24.616" classname="testScripts.Module2"/>
</testsuite> <!-- testScripts.Module2 -->
